[0410/184535.018:ERROR:process_memory_win.cc(73)] ReadMemory at 0x7ff68d1d0000 of 64 bytes failed: Only part of a ReadProcessMemory or WriteProcessMemory request was completed. (0x12B)
[0410/184535.024:WARNING:pe_image_reader.cc(340)] could not read dos header from C:\Program Files (x86)\Google\Chrome\Application\chrome.exe
[0410/184535.024:ERROR:process_memory_win.cc(73)] ReadMemory at 0x7fff34ea0000 of 64 bytes failed: Only part of a ReadProcessMemory or WriteProcessMemory request was completed. (0x12B)
[0410/184535.024:WARNING:pe_image_reader.cc(340)] could not read dos header from C:\Windows\SYSTEM32\ntdll.dll
[0410/184535.024:ERROR:process_memory_win.cc(73)] ReadMemory at 0x7fff324b0000 of 64 bytes failed: Only part of a ReadProcessMemory or WriteProcessMemory request was completed. (0x12B)
[0410/184535.140:WARNING:pe_image_reader.cc(340)] could not read dos header from C:\Windows\System32\KERNEL32.DLL
[0410/184535.140:ERROR:process_memory_win.cc(73)] ReadMemory at 0x7fff31550000 of 64 bytes failed: Only part of a ReadProcessMemory or WriteProcessMemory request was completed. (0x12B)
[0410/184535.140:WARNING:pe_image_reader.cc(340)] could not read dos header from C:\Windows\System32\KERNELBASE.dll
[0410/184535.140:ERROR:process_memory_win.cc(73)] ReadMemory at 0x7ffefe2e0000 of 64 bytes failed: Only part of a ReadProcessMemory or WriteProcessMemory request was completed. (0x12B)
[0410/184535.140:WARNING:pe_image_reader.cc(340)] could not read dos header from C:\Program Files (x86)\Google\Chrome\Application\80.0.3987.163\chrome_elf.dll
[0410/184535.140:ERROR:process_memory_win.cc(73)] ReadMemory at 0x7fff284a0000 of 64 bytes failed: Only part of a ReadProcessMemory or WriteProcessMemory request was completed. (0x12B)
[0410/184535.140:WARNING:pe_image_reader.cc(340)] could not read dos header from C:\Windows\SYSTEM32\VERSION.dll
[0410/184535.140:ERROR:process_memory_win.cc(73)] ReadMemory at 0x7fff33e10000 of 64 bytes failed: Only part of a ReadProcessMemory or WriteProcessMemory request was completed. (0x12B)
[0410/184535.140:WARNING:pe_image_reader.cc(340)] could not read dos header from C:\Windows\System32\msvcrt.dll
[0410/184535.140:ERROR:process_memory_win.cc(73)] ReadMemory at 0x7fff313e0000 of 64 bytes failed: Only part of a ReadProcessMemory or WriteProcessMemory request was completed. (0x12B)
[0410/184535.140:WARNING:pe_image_reader.cc(340)] could not read dos header from C:\Windows\System32\bcryptPrimitives.dll
[0410/184535.140:ERROR:process_memory_win.cc(73)] ReadMemory at 0x7fff32400000 of 64 bytes failed: Only part of a ReadProcessMemory or WriteProcessMemory request was completed. (0x12B)
[0410/184535.140:WARNING:pe_image_reader.cc(340)] could not read dos header from C:\Windows\System32\ADVAPI32.dll
[0410/184535.140:ERROR:process_memory_win.cc(73)] ReadMemory at 0x7fff34730000 of 64 bytes failed: Only part of a ReadProcessMemory or WriteProcessMemory request was completed. (0x12B)
[0410/184535.140:WARNING:pe_image_reader.cc(340)] could not read dos header from C:\Windows\System32\sechost.dll
[0410/184535.140:ERROR:process_memory_win.cc(73)] ReadMemory at 0x7fff34050000 of 64 bytes failed: Only part of a ReadProcessMemory or WriteProcessMemory request was completed. (0x12B)
[0410/184535.140:WARNING:pe_image_reader.cc(340)] could not read dos header from C:\Windows\System32\RPCRT4.dll
[0410/184535.140:ERROR:process_memory_win.cc(73)] ReadMemory at 0x7ffede180000 of 64 bytes failed: Only part of a ReadProcessMemory or WriteProcessMemory request was completed. (0x12B)
[0410/184535.140:WARNING:pe_image_reader.cc(340)] could not read dos header from C:\Program Files (x86)\Google\Chrome\Application\80.0.3987.163\chrome.dll
[0410/184535.140:ERROR:process_memory_win.cc(73)] ReadMemory at 0x7fff34dc0000 of 64 bytes failed: Only part of a ReadProcessMemory or WriteProcessMemory request was completed. (0x12B)
[0410/184535.140:WARNING:pe_image_reader.cc(340)] could not read dos header from C:\Windows\System32\WS2_32.dll
[0410/184535.140:ERROR:process_memory_win.cc(73)] ReadMemory at 0x7fff33d50000 of 64 bytes failed: Only part of a ReadProcessMemory or WriteProcessMemory request was completed. (0x12B)
[0410/184535.140:WARNING:pe_image_reader.cc(340)] could not read dos header from C:\Windows\System32\OLEAUT32.dll
[0410/184535.140:ERROR:process_memory_win.cc(73)] ReadMemory at 0x7fff31800000 of 64 bytes failed: Only part of a ReadProcessMemory or WriteProcessMemory request was completed. (0x12B)
[0410/184535.140:WARNING:pe_image_reader.cc(340)] could not read dos header from C:\Windows\System32\msvcp_win.dll
[0410/184535.140:ERROR:process_memory_win.cc(73)] ReadMemory at 0x7fff318a0000 of 64 bytes failed: Only part of a ReadProcessMemory or WriteProcessMemory request was completed. (0x12B)
[0410/184535.141:WARNING:pe_image_reader.cc(340)] could not read dos header from C:\Windows\System32\ucrtbase.dll
[0410/184535.141:ERROR:process_memory_win.cc(73)] ReadMemory at 0x7fff34790000 of 64 bytes failed: Only part of a ReadProcessMemory or WriteProcessMemory request was completed. (0x12B)
[0410/184535.141:WARNING:pe_image_reader.cc(340)] could not read dos header from C:\Windows\System32\combase.dll
[0410/184535.141:ERROR:process_memory_win.cc(73)] ReadMemory at 0x7fff317a0000 of 64 bytes failed: Only part of a ReadProcessMemory or WriteProcessMemory request was completed. (0x12B)
[0410/184535.141:WARNING:pe_image_reader.cc(340)] could not read dos header from C:\Windows\System32\WINTRUST.dll
[0410/184535.141:ERROR:process_memory_win.cc(73)] ReadMemory at 0x7fff31380000 of 64 bytes failed: Only part of a ReadProcessMemory or WriteProcessMemory request was completed. (0x12B)
[0410/184535.141:WARNING:pe_image_reader.cc(340)] could not read dos header from C:\Windows\System32\MSASN1.dll
[0410/184535.141:ERROR:process_memory_win.cc(73)] ReadMemory at 0x7fff319a0000 of 64 bytes failed: Only part of a ReadProcessMemory or WriteProcessMemory request was completed. (0x12B)
[0410/184535.141:WARNING:pe_image_reader.cc(340)] could not read dos header from C:\Windows\System32\CRYPT32.dll
[0410/184535.141:ERROR:process_memory_win.cc(73)] ReadMemory at 0x7fff30960000 of 64 bytes failed: Only part of a ReadProcessMemory or WriteProcessMemory request was completed. (0x12B)
[0410/184535.141:WARNING:pe_image_reader.cc(340)] could not read dos header from C:\Windows\SYSTEM32\IPHLPAPI.DLL
[0410/184535.141:ERROR:process_memory_win.cc(73)] ReadMemory at 0x7fff2a470000 of 64 bytes failed: Only part of a ReadProcessMemory or WriteProcessMemory request was completed. (0x12B)
[0410/184535.141:WARNING:pe_image_reader.cc(340)] could not read dos header from C:\Windows\SYSTEM32\WINMM.dll
[0410/184535.141:ERROR:process_memory_win.cc(73)] ReadMemory at 0x7fff23df0000 of 64 bytes failed: Only part of a ReadProcessMemory or WriteProcessMemory request was completed. (0x12B)
[0410/184535.141:WARNING:pe_image_reader.cc(340)] could not read dos header from C:\Windows\SYSTEM32\Secur32.dll
[0410/184535.141:ERROR:process_memory_win.cc(73)] ReadMemory at 0x7fff31240000 of 64 bytes failed: Only part of a ReadProcessMemory or WriteProcessMemory request was completed. (0x12B)
[0410/184535.141:WARNING:pe_image_reader.cc(340)] could not read dos header from C:\Windows\SYSTEM32\USERENV.dll
[0410/184535.141:ERROR:process_memory_win.cc(73)] ReadMemory at 0x7fff313a0000 of 64 bytes failed: Only part of a ReadProcessMemory or WriteProcessMemory request was completed. (0x12B)
[0410/184535.141:WARNING:pe_image_reader.cc(340)] could not read dos header from C:\Windows\System32\profapi.dll
[0410/184535.141:ERROR:process_memory_win.cc(73)] ReadMemory at 0x7fff1b340000 of 64 bytes failed: Only part of a ReadProcessMemory or WriteProcessMemory request was completed. (0x12B)
[0410/184535.141:WARNING:pe_image_reader.cc(340)] could not read dos header from C:\Windows\SYSTEM32\UIAutomationCore.DLL
[0410/184535.141:ERROR:process_memory_win.cc(73)] ReadMemory at 0x7fff299d0000 of 64 bytes failed: Only part of a ReadProcessMemory or WriteProcessMemory request was completed. (0x12B)
[0410/184535.141:WARNING:pe_image_reader.cc(340)] could not read dos header from C:\Windows\SYSTEM32\DWrite.dll
[0410/184535.141:ERROR:process_memory_win.cc(73)] ReadMemory at 0x7fff28290000 of 64 bytes failed: Only part of a ReadProcessMemory or WriteProcessMemory request was completed. (0x12B)
[0410/184535.141:WARNING:pe_image_reader.cc(340)] could not read dos header from C:\Windows\SYSTEM32\WINSPOOL.DRV
[0410/184535.141:ERROR:process_memory_win.cc(73)] ReadMemory at 0x7fff2dcd0000 of 64 bytes failed: Only part of a ReadProcessMemory or WriteProcessMemory request was completed. (0x12B)
[0410/184535.141:WARNING:pe_image_reader.cc(340)] could not read dos header from C:\Windows\SYSTEM32\dbghelp.dll
[0410/184535.141:ERROR:process_memory_win.cc(73)] ReadMemory at 0x7fff27350000 of 64 bytes failed: Only part of a ReadProcessMemory or WriteProcessMemory request was completed. (0x12B)
[0410/184535.141:WARNING:pe_image_reader.cc(340)] could not read dos header from C:\Windows\SYSTEM32\WINHTTP.dll
[0410/184535.141:ERROR:process_memory_win.cc(73)] ReadMemory at 0x7fff2b650000 of 64 bytes failed: Only part of a ReadProcessMemory or WriteProcessMemory request was completed. (0x12B)
[0410/184535.141:WARNING:pe_image_reader.cc(340)] could not read dos header from C:\Windows\SYSTEM32\dhcpcsvc.DLL
[0410/184535.141:ERROR:process_memory_win.cc(73)] ReadMemory at 0x7fff34e90000 of 64 bytes failed: Only part of a ReadProcessMemory or WriteProcessMemory request was completed. (0x12B)
[0410/184535.141:WARNING:pe_image_reader.cc(340)] could not read dos header from C:\Windows\System32\NSI.dll
[0410/184535.141:ERROR:process_memory_win.cc(73)] ReadMemory at 0x7fff2a440000 of 64 bytes failed: Only part of a ReadProcessMemory or WriteProcessMemory request was completed. (0x12B)
[0410/184535.141:WARNING:pe_image_reader.cc(340)] could not read dos header from C:\Windows\SYSTEM32\WINMMBASE.dll
[0410/184535.141:ERROR:process_memory_win.cc(73)] ReadMemory at 0x7fff31450000 of 64 bytes failed: Only part of a ReadProcessMemory or WriteProcessMemory request was completed. (0x12B)
[0410/184535.141:WARNING:pe_image_reader.cc(340)] could not read dos header from C:\Windows\System32\cfgmgr32.dll
[0410/184535.141:ERROR:process_memory_win.cc(73)] ReadMemory at 0x7fff31140000 of 64 bytes failed: Only part of a ReadProcessMemory or WriteProcessMemory request was completed. (0x12B)
[0410/184535.142:WARNING:pe_image_reader.cc(340)] could not read dos header from C:\Windows\SYSTEM32\bcrypt.dll
[0410/184535.142:ERROR:process_memory_win.cc(73)] ReadMemory at 0x7fff31210000 of 64 bytes failed: Only part of a ReadProcessMemory or WriteProcessMemory request was completed. (0x12B)
[0410/184535.142:WARNING:pe_image_reader.cc(340)] could not read dos header from C:\Windows\SYSTEM32\SSPICLI.DLL
[0410/184535.142:ERROR:process_memory_win.cc(73)] ReadMemory at 0x7fff32570000 of 64 bytes failed: Only part of a ReadProcessMemory or WriteProcessMemory request was completed. (0x12B)
[0410/184535.142:WARNING:pe_image_reader.cc(340)] could not read dos header from C:\Windows\System32\GDI32.dll
[0410/184535.142:ERROR:process_memory_win.cc(73)] ReadMemory at 0x7fff32270000 of 64 bytes failed: Only part of a ReadProcessMemory or WriteProcessMemory request was completed. (0x12B)
[0410/184535.142:WARNING:pe_image_reader.cc(340)] could not read dos header from C:\Windows\System32\gdi32full.dll
[0410/184535.142:ERROR:process_memory_win.cc(73)] ReadMemory at 0x7fff345e0000 of 64 bytes failed: Only part of a ReadProcessMemory or WriteProcessMemory request was completed. (0x12B)
[0410/184535.142:WARNING:pe_image_reader.cc(340)] could not read dos header from C:\Windows\System32\USER32.dll
[0410/184535.142:ERROR:process_memory_win.cc(73)] ReadMemory at 0x7fff313c0000 of 64 bytes failed: Only part of a ReadProcessMemory or WriteProcessMemory request was completed. (0x12B)
[0410/184535.142:WARNING:pe_image_reader.cc(340)] could not read dos header from C:\Windows\System32\win32u.dll
[0410/184535.142:ERROR:process_memory_win.cc(73)] ReadMemory at 0x7fff33eb0000 of 64 bytes failed: Only part of a ReadProcessMemory or WriteProcessMemory request was completed. (0x12B)
[0410/184535.142:WARNING:pe_image_reader.cc(340)] could not read dos header from C:\Windows\System32\IMM32.DLL
[0410/184535.142:ERROR:process_memory_win.cc(73)] ReadMemory at 0x7fff32870000 of 64 bytes failed: Only part of a ReadProcessMemory or WriteProcessMemory request was completed. (0x12B)
[0410/184535.142:WARNING:pe_image_reader.cc(340)] could not read dos header from C:\Windows\System32\SHELL32.dll
[0410/184535.142:ERROR:process_memory_win.cc(73)] ReadMemory at 0x7fff34b10000 of 64 bytes failed: Only part of a ReadProcessMemory or WriteProcessMemory request was completed. (0x12B)
[0410/184535.142:WARNING:pe_image_reader.cc(340)] could not read dos header from C:\Windows\System32\shcore.dll
[0410/184535.142:ERROR:process_memory_win.cc(73)] ReadMemory at 0x7fff31b70000 of 64 bytes failed: Only part of a ReadProcessMemory or WriteProcessMemory request was completed. (0x12B)
[0410/184535.142:WARNING:pe_image_reader.cc(340)] could not read dos header from C:\Windows\System32\windows.storage.dll
[0410/184535.142:ERROR:process_memory_win.cc(73)] ReadMemory at 0x7fff34d60000 of 64 bytes failed: Only part of a ReadProcessMemory or WriteProcessMemory request was completed. (0x12B)
[0410/184535.142:WARNING:pe_image_reader.cc(340)] could not read dos header from C:\Windows\System32\shlwapi.dll
[0410/184535.142:ERROR:process_memory_win.cc(73)] ReadMemory at 0x7fff31310000 of 64 bytes failed: Only part of a ReadProcessMemory or WriteProcessMemory request was completed. (0x12B)
[0410/184535.142:WARNING:pe_image_reader.cc(340)] could not read dos header from C:\Windows\System32\kernel.appcore.dll
[0410/184535.142:ERROR:process_memory_win.cc(73)] ReadMemory at 0x7fff31330000 of 64 bytes failed: Only part of a ReadProcessMemory or WriteProcessMemory request was completed. (0x12B)
[0410/184535.142:WARNING:pe_image_reader.cc(340)] could not read dos header from C:\Windows\System32\powrprof.dll
[0410/184535.142:ERROR:process_memory_win.cc(73)] ReadMemory at 0x7fff28b70000 of 64 bytes failed: Only part of a ReadProcessMemory or WriteProcessMemory request was completed. (0x12B)
[0410/184535.142:WARNING:pe_image_reader.cc(340)] could not read dos header from C:\Program Files\Common Files\microsoft shared\ink\tiptsf.dll
[0410/184535.142:ERROR:process_memory_win.cc(73)] ReadMemory at 0x7fff30d80000 of 64 bytes failed: Only part of a ReadProcessMemory or WriteProcessMemory request was completed. (0x12B)
[0410/184535.142:WARNING:pe_image_reader.cc(340)] could not read dos header from C:\Windows\SYSTEM32\CRYPTBASE.DLL
[0410/184535.142:ERROR:process_memory_win.cc(73)] ReadMemory at 0x7fff2e560000 of 64 bytes failed: Only part of a ReadProcessMemory or WriteProcessMemory request was completed. (0x12B)
[0410/184535.142:WARNING:pe_image_reader.cc(340)] could not read dos header from C:\Windows\system32\NLAapi.dll
[0410/184535.142:ERROR:process_memory_win.cc(73)] ReadMemory at 0x7fff2b5a0000 of 64 bytes failed: Only part of a ReadProcessMemory or WriteProcessMemory request was completed. (0x12B)
[0410/184535.142:WARNING:pe_image_reader.cc(340)] could not read dos header from C:\Windows\SYSTEM32\dhcpcsvc6.DLL
[0410/184535.143:ERROR:process_memory_win.cc(73)] ReadMemory at 0x7fff2baa0000 of 64 bytes failed: Only part of a ReadProcessMemory or WriteProcessMemory request was completed. (0x12B)
[0410/184535.143:WARNING:pe_image_reader.cc(340)] could not read dos header from C:\Windows\SYSTEM32\wlanapi.dll
[0410/184535.143:ERROR:process_memory_win.cc(73)] ReadMemory at 0x7fff30bc0000 of 64 bytes failed: Only part of a ReadProcessMemory or WriteProcessMemory request was completed. (0x12B)
[0410/184535.143:WARNING:pe_image_reader.cc(340)] could not read dos header from C:\Windows\system32\mswsock.dll
[0410/184535.143:ERROR:process_memory_win.cc(73)] ReadMemory at 0x7fff309a0000 of 64 bytes failed: Only part of a ReadProcessMemory or WriteProcessMemory request was completed. (0x12B)
[0410/184535.143:WARNING:pe_image_reader.cc(340)] could not read dos header from C:\Windows\SYSTEM32\DNSAPI.dll
[0410/184535.143:ERROR:process_memory_win.cc(73)] ReadMemory at 0x7fff26c60000 of 64 bytes failed: Only part of a ReadProcessMemory or WriteProcessMemory request was completed. (0x12B)
[0410/184535.143:WARNING:pe_image_reader.cc(340)] could not read dos header from C:\Windows\System32\rasadhlp.dll
[0410/184535.143:ERROR:process_memory_win.cc(73)] ReadMemory at 0x7fff2b030000 of 64 bytes failed: Only part of a ReadProcessMemory or WriteProcessMemory request was completed. (0x12B)
[0410/184535.143:WARNING:pe_image_reader.cc(340)] could not read dos header from C:\Windows\System32\fwpuclnt.dll
[0410/184535.143:ERROR:process_memory_win.cc(73)] ReadMemory at 0x7fff30d60000 of 64 bytes failed: Only part of a ReadProcessMemory or WriteProcessMemory request was completed. (0x12B)
[0410/184535.143:WARNING:pe_image_reader.cc(340)] could not read dos header from C:\Windows\System32\CRYPTSP.dll
[0410/184535.143:ERROR:process_memory_win.cc(73)] ReadMemory at 0x7fff307d0000 of 64 bytes failed: Only part of a ReadProcessMemory or WriteProcessMemory request was completed. (0x12B)
[0410/184535.143:WARNING:pe_image_reader.cc(340)] could not read dos header from C:\Windows\system32\rsaenh.dll
[0410/184535.143:ERROR:process_memory_win.cc(73)] ReadMemory at 0x7fff301d0000 of 64 bytes failed: Only part of a ReadProcessMemory or WriteProcessMemory request was completed. (0x12B)
[0410/184535.143:WARNING:pe_image_reader.cc(340)] could not read dos header from C:\Windows\SYSTEM32\gpapi.dll
[0410/184535.143:ERROR:process_memory_win.cc(73)] ReadMemory at 0x7fff248c0000 of 64 bytes failed: Only part of a ReadProcessMemory or WriteProcessMemory request was completed. (0x12B)
[0410/184535.143:WARNING:pe_image_reader.cc(340)] could not read dos header from C:\Windows\System32\cryptnet.dll
[0410/184535.143:ERROR:process_memory_win.cc(73)] ReadMemory at 0x7ff68d1d0000 of 64 bytes failed: Only part of a ReadProcessMemory or WriteProcessMemory request was completed. (0x12B)
[0410/184535.143:WARNING:pe_image_reader.cc(340)] could not read dos header from C:\Program Files (x86)\Google\Chrome\Application\chrome.exe
[0410/184535.143:ERROR:process_memory_win.cc(73)] ReadMemory at 0x7fff34ea0000 of 64 bytes failed: Only part of a ReadProcessMemory or WriteProcessMemory request was completed. (0x12B)
[0410/184535.143:WARNING:pe_image_reader.cc(340)] could not read dos header from C:\Windows\SYSTEM32\ntdll.dll
[0410/184535.143:ERROR:process_memory_win.cc(73)] ReadMemory at 0x7fff324b0000 of 64 bytes failed: Only part of a ReadProcessMemory or WriteProcessMemory request was completed. (0x12B)
[0410/184535.143:WARNING:pe_image_reader.cc(340)] could not read dos header from C:\Windows\System32\KERNEL32.DLL
[0410/184535.143:ERROR:process_memory_win.cc(73)] ReadMemory at 0x7fff31550000 of 64 bytes failed: Only part of a ReadProcessMemory or WriteProcessMemory request was completed. (0x12B)
[0410/184535.143:WARNING:pe_image_reader.cc(340)] could not read dos header from C:\Windows\System32\KERNELBASE.dll
[0410/184535.144:ERROR:process_memory_win.cc(73)] ReadMemory at 0x7ffefe2e0000 of 64 bytes failed: Only part of a ReadProcessMemory or WriteProcessMemory request was completed. (0x12B)
[0410/184535.144:WARNING:pe_image_reader.cc(340)] could not read dos header from C:\Program Files (x86)\Google\Chrome\Application\80.0.3987.163\chrome_elf.dll
[0410/184535.144:ERROR:process_memory_win.cc(73)] ReadMemory at 0x7fff284a0000 of 64 bytes failed: Only part of a ReadProcessMemory or WriteProcessMemory request was completed. (0x12B)
[0410/184535.144:WARNING:pe_image_reader.cc(340)] could not read dos header from C:\Windows\SYSTEM32\VERSION.dll
[0410/184535.144:ERROR:process_memory_win.cc(73)] ReadMemory at 0x7fff33e10000 of 64 bytes failed: Only part of a ReadProcessMemory or WriteProcessMemory request was completed. (0x12B)
[0410/184535.144:WARNING:pe_image_reader.cc(340)] could not read dos header from C:\Windows\System32\msvcrt.dll
[0410/184535.144:ERROR:process_memory_win.cc(73)] ReadMemory at 0x7fff313e0000 of 64 bytes failed: Only part of a ReadProcessMemory or WriteProcessMemory request was completed. (0x12B)
[0410/184535.144:WARNING:pe_image_reader.cc(340)] could not read dos header from C:\Windows\System32\bcryptPrimitives.dll
[0410/184535.144:ERROR:process_memory_win.cc(73)] ReadMemory at 0x7fff32400000 of 64 bytes failed: Only part of a ReadProcessMemory or WriteProcessMemory request was completed. (0x12B)
[0410/184535.144:WARNING:pe_image_reader.cc(340)] could not read dos header from C:\Windows\System32\ADVAPI32.dll
[0410/184535.144:ERROR:process_memory_win.cc(73)] ReadMemory at 0x7fff34730000 of 64 bytes failed: Only part of a ReadProcessMemory or WriteProcessMemory request was completed. (0x12B)
[0410/184535.144:WARNING:pe_image_reader.cc(340)] could not read dos header from C:\Windows\System32\sechost.dll
[0410/184535.144:ERROR:process_memory_win.cc(73)] ReadMemory at 0x7fff34050000 of 64 bytes failed: Only part of a ReadProcessMemory or WriteProcessMemory request was completed. (0x12B)
[0410/184535.144:WARNING:pe_image_reader.cc(340)] could not read dos header from C:\Windows\System32\RPCRT4.dll
[0410/184535.144:ERROR:process_memory_win.cc(73)] ReadMemory at 0x7ffede180000 of 64 bytes failed: Only part of a ReadProcessMemory or WriteProcessMemory request was completed. (0x12B)
[0410/184535.144:WARNING:pe_image_reader.cc(340)] could not read dos header from C:\Program Files (x86)\Google\Chrome\Application\80.0.3987.163\chrome.dll
[0410/184535.144:ERROR:process_memory_win.cc(73)] ReadMemory at 0x7fff34dc0000 of 64 bytes failed: Only part of a ReadProcessMemory or WriteProcessMemory request was completed. (0x12B)
[0410/184535.144:WARNING:pe_image_reader.cc(340)] could not read dos header from C:\Windows\System32\WS2_32.dll
[0410/184535.144:ERROR:process_memory_win.cc(73)] ReadMemory at 0x7fff33d50000 of 64 bytes failed: Only part of a ReadProcessMemory or WriteProcessMemory request was completed. (0x12B)
[0410/184535.144:WARNING:pe_image_reader.cc(340)] could not read dos header from C:\Windows\System32\OLEAUT32.dll
[0410/184535.144:ERROR:process_memory_win.cc(73)] ReadMemory at 0x7fff31800000 of 64 bytes failed: Only part of a ReadProcessMemory or WriteProcessMemory request was completed. (0x12B)
[0410/184535.144:WARNING:pe_image_reader.cc(340)] could not read dos header from C:\Windows\System32\msvcp_win.dll
[0410/184535.144:ERROR:process_memory_win.cc(73)] ReadMemory at 0x7fff318a0000 of 64 bytes failed: Only part of a ReadProcessMemory or WriteProcessMemory request was completed. (0x12B)
[0410/184535.145:WARNING:pe_image_reader.cc(340)] could not read dos header from C:\Windows\System32\ucrtbase.dll
[0410/184535.145:ERROR:process_memory_win.cc(73)] ReadMemory at 0x7fff34790000 of 64 bytes failed: Only part of a ReadProcessMemory or WriteProcessMemory request was completed. (0x12B)
[0410/184535.145:WARNING:pe_image_reader.cc(340)] could not read dos header from C:\Windows\System32\combase.dll
[0410/184535.145:ERROR:process_memory_win.cc(73)] ReadMemory at 0x7fff317a0000 of 64 bytes failed: Only part of a ReadProcessMemory or WriteProcessMemory request was completed. (0x12B)
[0410/184535.145:WARNING:pe_image_reader.cc(340)] could not read dos header from C:\Windows\System32\WINTRUST.dll
[0410/184535.145:ERROR:process_memory_win.cc(73)] ReadMemory at 0x7fff31380000 of 64 bytes failed: Only part of a ReadProcessMemory or WriteProcessMemory request was completed. (0x12B)
[0410/184535.145:WARNING:pe_image_reader.cc(340)] could not read dos header from C:\Windows\System32\MSASN1.dll
[0410/184535.145:ERROR:process_memory_win.cc(73)] ReadMemory at 0x7fff319a0000 of 64 bytes failed: Only part of a ReadProcessMemory or WriteProcessMemory request was completed. (0x12B)
[0410/184535.145:WARNING:pe_image_reader.cc(340)] could not read dos header from C:\Windows\System32\CRYPT32.dll
[0410/184535.145:ERROR:process_memory_win.cc(73)] ReadMemory at 0x7fff30960000 of 64 bytes failed: Only part of a ReadProcessMemory or WriteProcessMemory request was completed. (0x12B)
[0410/184535.145:WARNING:pe_image_reader.cc(340)] could not read dos header from C:\Windows\SYSTEM32\IPHLPAPI.DLL
[0410/184535.145:ERROR:process_memory_win.cc(73)] ReadMemory at 0x7fff2a470000 of 64 bytes failed: Only part of a ReadProcessMemory or WriteProcessMemory request was completed. (0x12B)
[0410/184535.145:WARNING:pe_image_reader.cc(340)] could not read dos header from C:\Windows\SYSTEM32\WINMM.dll
[0410/184535.145:ERROR:process_memory_win.cc(73)] ReadMemory at 0x7fff23df0000 of 64 bytes failed: Only part of a ReadProcessMemory or WriteProcessMemory request was completed. (0x12B)
[0410/184535.145:WARNING:pe_image_reader.cc(340)] could not read dos header from C:\Windows\SYSTEM32\Secur32.dll
[0410/184535.145:ERROR:process_memory_win.cc(73)] ReadMemory at 0x7fff31240000 of 64 bytes failed: Only part of a ReadProcessMemory or WriteProcessMemory request was completed. (0x12B)
[0410/184535.145:WARNING:pe_image_reader.cc(340)] could not read dos header from C:\Windows\SYSTEM32\USERENV.dll
[0410/184535.145:ERROR:process_memory_win.cc(73)] ReadMemory at 0x7fff313a0000 of 64 bytes failed: Only part of a ReadProcessMemory or WriteProcessMemory request was completed. (0x12B)
[0410/184535.145:WARNING:pe_image_reader.cc(340)] could not read dos header from C:\Windows\System32\profapi.dll
[0410/184535.145:ERROR:process_memory_win.cc(73)] ReadMemory at 0x7fff1b340000 of 64 bytes failed: Only part of a ReadProcessMemory or WriteProcessMemory request was completed. (0x12B)
[0410/184535.145:WARNING:pe_image_reader.cc(340)] could not read dos header from C:\Windows\SYSTEM32\UIAutomationCore.DLL
[0410/184535.145:ERROR:process_memory_win.cc(73)] ReadMemory at 0x7fff299d0000 of 64 bytes failed: Only part of a ReadProcessMemory or WriteProcessMemory request was completed. (0x12B)
[0410/184535.145:WARNING:pe_image_reader.cc(340)] could not read dos header from C:\Windows\SYSTEM32\DWrite.dll
[0410/184535.145:ERROR:process_memory_win.cc(73)] ReadMemory at 0x7fff28290000 of 64 bytes failed: Only part of a ReadProcessMemory or WriteProcessMemory request was completed. (0x12B)
[0410/184535.146:WARNING:pe_image_reader.cc(340)] could not read dos header from C:\Windows\SYSTEM32\WINSPOOL.DRV
[0410/184535.146:ERROR:process_memory_win.cc(73)] ReadMemory at 0x7fff2dcd0000 of 64 bytes failed: Only part of a ReadProcessMemory or WriteProcessMemory request was completed. (0x12B)
[0410/184535.146:WARNING:pe_image_reader.cc(340)] could not read dos header from C:\Windows\SYSTEM32\dbghelp.dll
[0410/184535.146:ERROR:process_memory_win.cc(73)] ReadMemory at 0x7fff27350000 of 64 bytes failed: Only part of a ReadProcessMemory or WriteProcessMemory request was completed. (0x12B)
[0410/184535.146:WARNING:pe_image_reader.cc(340)] could not read dos header from C:\Windows\SYSTEM32\WINHTTP.dll
[0410/184535.146:ERROR:process_memory_win.cc(73)] ReadMemory at 0x7fff2b650000 of 64 bytes failed: Only part of a ReadProcessMemory or WriteProcessMemory request was completed. (0x12B)
[0410/184535.146:WARNING:pe_image_reader.cc(340)] could not read dos header from C:\Windows\SYSTEM32\dhcpcsvc.DLL
[0410/184535.146:ERROR:process_memory_win.cc(73)] ReadMemory at 0x7fff34e90000 of 64 bytes failed: Only part of a ReadProcessMemory or WriteProcessMemory request was completed. (0x12B)
[0410/184535.146:WARNING:pe_image_reader.cc(340)] could not read dos header from C:\Windows\System32\NSI.dll
[0410/184535.146:ERROR:process_memory_win.cc(73)] ReadMemory at 0x7fff2a440000 of 64 bytes failed: Only part of a ReadProcessMemory or WriteProcessMemory request was completed. (0x12B)
[0410/184535.146:WARNING:pe_image_reader.cc(340)] could not read dos header from C:\Windows\SYSTEM32\WINMMBASE.dll
[0410/184535.146:ERROR:process_memory_win.cc(73)] ReadMemory at 0x7fff31450000 of 64 bytes failed: Only part of a ReadProcessMemory or WriteProcessMemory request was completed. (0x12B)
[0410/184535.146:WARNING:pe_image_reader.cc(340)] could not read dos header from C:\Windows\System32\cfgmgr32.dll
[0410/184535.146:ERROR:process_memory_win.cc(73)] ReadMemory at 0x7fff31140000 of 64 bytes failed: Only part of a ReadProcessMemory or WriteProcessMemory request was completed. (0x12B)
[0410/184535.146:WARNING:pe_image_reader.cc(340)] could not read dos header from C:\Windows\SYSTEM32\bcrypt.dll
[0410/184535.146:ERROR:process_memory_win.cc(73)] ReadMemory at 0x7fff31210000 of 64 bytes failed: Only part of a ReadProcessMemory or WriteProcessMemory request was completed. (0x12B)
[0410/184535.146:WARNING:pe_image_reader.cc(340)] could not read dos header from C:\Windows\SYSTEM32\SSPICLI.DLL
[0410/184535.146:ERROR:process_memory_win.cc(73)] ReadMemory at 0x7fff32570000 of 64 bytes failed: Only part of a ReadProcessMemory or WriteProcessMemory request was completed. (0x12B)
[0410/184535.146:WARNING:pe_image_reader.cc(340)] could not read dos header from C:\Windows\System32\GDI32.dll
[0410/184535.146:ERROR:process_memory_win.cc(73)] ReadMemory at 0x7fff32270000 of 64 bytes failed: Only part of a ReadProcessMemory or WriteProcessMemory request was completed. (0x12B)
[0410/184535.146:WARNING:pe_image_reader.cc(340)] could not read dos header from C:\Windows\System32\gdi32full.dll
[0410/184535.146:ERROR:process_memory_win.cc(73)] ReadMemory at 0x7fff345e0000 of 64 bytes failed: Only part of a ReadProcessMemory or WriteProcessMemory request was completed. (0x12B)
[0410/184535.146:WARNING:pe_image_reader.cc(340)] could not read dos header from C:\Windows\System32\USER32.dll
[0410/184535.146:ERROR:process_memory_win.cc(73)] ReadMemory at 0x7fff313c0000 of 64 bytes failed: Only part of a ReadProcessMemory or WriteProcessMemory request was completed. (0x12B)
[0410/184535.147:WARNING:pe_image_reader.cc(340)] could not read dos header from C:\Windows\System32\win32u.dll
[0410/184535.147:ERROR:process_memory_win.cc(73)] ReadMemory at 0x7fff33eb0000 of 64 bytes failed: Only part of a ReadProcessMemory or WriteProcessMemory request was completed. (0x12B)
[0410/184535.147:WARNING:pe_image_reader.cc(340)] could not read dos header from C:\Windows\System32\IMM32.DLL
[0410/184535.147:ERROR:process_memory_win.cc(73)] ReadMemory at 0x7fff32870000 of 64 bytes failed: Only part of a ReadProcessMemory or WriteProcessMemory request was completed. (0x12B)
[0410/184535.147:WARNING:pe_image_reader.cc(340)] could not read dos header from C:\Windows\System32\SHELL32.dll
[0410/184535.147:ERROR:process_memory_win.cc(73)] ReadMemory at 0x7fff34b10000 of 64 bytes failed: Only part of a ReadProcessMemory or WriteProcessMemory request was completed. (0x12B)
[0410/184535.147:WARNING:pe_image_reader.cc(340)] could not read dos header from C:\Windows\System32\shcore.dll
[0410/184535.147:ERROR:process_memory_win.cc(73)] ReadMemory at 0x7fff31b70000 of 64 bytes failed: Only part of a ReadProcessMemory or WriteProcessMemory request was completed. (0x12B)
[0410/184535.147:WARNING:pe_image_reader.cc(340)] could not read dos header from C:\Windows\System32\windows.storage.dll
[0410/184535.147:ERROR:process_memory_win.cc(73)] ReadMemory at 0x7fff34d60000 of 64 bytes failed: Only part of a ReadProcessMemory or WriteProcessMemory request was completed. (0x12B)
[0410/184535.147:WARNING:pe_image_reader.cc(340)] could not read dos header from C:\Windows\System32\shlwapi.dll
[0410/184535.147:ERROR:process_memory_win.cc(73)] ReadMemory at 0x7fff31310000 of 64 bytes failed: Only part of a ReadProcessMemory or WriteProcessMemory request was completed. (0x12B)
[0410/184535.147:WARNING:pe_image_reader.cc(340)] could not read dos header from C:\Windows\System32\kernel.appcore.dll
[0410/184535.147:ERROR:process_memory_win.cc(73)] ReadMemory at 0x7fff31330000 of 64 bytes failed: Only part of a ReadProcessMemory or WriteProcessMemory request was completed. (0x12B)
[0410/184535.147:WARNING:pe_image_reader.cc(340)] could not read dos header from C:\Windows\System32\powrprof.dll
[0410/184535.147:ERROR:process_memory_win.cc(73)] ReadMemory at 0x7fff28b70000 of 64 bytes failed: Only part of a ReadProcessMemory or WriteProcessMemory request was completed. (0x12B)
[0410/184535.147:WARNING:pe_image_reader.cc(340)] could not read dos header from C:\Program Files\Common Files\microsoft shared\ink\tiptsf.dll
[0410/184535.147:ERROR:process_memory_win.cc(73)] ReadMemory at 0x7fff30d80000 of 64 bytes failed: Only part of a ReadProcessMemory or WriteProcessMemory request was completed. (0x12B)
[0410/184535.147:WARNING:pe_image_reader.cc(340)] could not read dos header from C:\Windows\SYSTEM32\CRYPTBASE.DLL
[0410/184535.147:ERROR:process_memory_win.cc(73)] ReadMemory at 0x7fff2e560000 of 64 bytes failed: Only part of a ReadProcessMemory or WriteProcessMemory request was completed. (0x12B)
[0410/184535.147:WARNING:pe_image_reader.cc(340)] could not read dos header from C:\Windows\system32\NLAapi.dll
[0410/184535.147:ERROR:process_memory_win.cc(73)] ReadMemory at 0x7fff2b5a0000 of 64 bytes failed: Only part of a ReadProcessMemory or WriteProcessMemory request was completed. (0x12B)
[0410/184535.148:WARNING:pe_image_reader.cc(340)] could not read dos header from C:\Windows\SYSTEM32\dhcpcsvc6.DLL
[0410/184535.148:ERROR:process_memory_win.cc(73)] ReadMemory at 0x7fff2baa0000 of 64 bytes failed: Only part of a ReadProcessMemory or WriteProcessMemory request was completed. (0x12B)
[0410/184535.148:WARNING:pe_image_reader.cc(340)] could not read dos header from C:\Windows\SYSTEM32\wlanapi.dll
[0410/184535.148:ERROR:process_memory_win.cc(73)] ReadMemory at 0x7fff30bc0000 of 64 bytes failed: Only part of a ReadProcessMemory or WriteProcessMemory request was completed. (0x12B)
[0410/184535.148:WARNING:pe_image_reader.cc(340)] could not read dos header from C:\Windows\system32\mswsock.dll
[0410/184535.148:ERROR:process_memory_win.cc(73)] ReadMemory at 0x7fff309a0000 of 64 bytes failed: Only part of a ReadProcessMemory or WriteProcessMemory request was completed. (0x12B)
[0410/184535.148:WARNING:pe_image_reader.cc(340)] could not read dos header from C:\Windows\SYSTEM32\DNSAPI.dll
[0410/184535.148:ERROR:process_memory_win.cc(73)] ReadMemory at 0x7fff26c60000 of 64 bytes failed: Only part of a ReadProcessMemory or WriteProcessMemory request was completed. (0x12B)
[0410/184535.148:WARNING:pe_image_reader.cc(340)] could not read dos header from C:\Windows\System32\rasadhlp.dll
[0410/184535.148:ERROR:process_memory_win.cc(73)] ReadMemory at 0x7fff2b030000 of 64 bytes failed: Only part of a ReadProcessMemory or WriteProcessMemory request was completed. (0x12B)
[0410/184535.148:WARNING:pe_image_reader.cc(340)] could not read dos header from C:\Windows\System32\fwpuclnt.dll
[0410/184535.148:ERROR:process_memory_win.cc(73)] ReadMemory at 0x7fff30d60000 of 64 bytes failed: Only part of a ReadProcessMemory or WriteProcessMemory request was completed. (0x12B)
[0410/184535.148:WARNING:pe_image_reader.cc(340)] could not read dos header from C:\Windows\System32\CRYPTSP.dll
[0410/184535.148:ERROR:process_memory_win.cc(73)] ReadMemory at 0x7fff307d0000 of 64 bytes failed: Only part of a ReadProcessMemory or WriteProcessMemory request was completed. (0x12B)
[0410/184535.148:WARNING:pe_image_reader.cc(340)] could not read dos header from C:\Windows\system32\rsaenh.dll
[0410/184535.148:ERROR:process_memory_win.cc(73)] ReadMemory at 0x7fff301d0000 of 64 bytes failed: Only part of a ReadProcessMemory or WriteProcessMemory request was completed. (0x12B)
[0410/184535.148:WARNING:pe_image_reader.cc(340)] could not read dos header from C:\Windows\SYSTEM32\gpapi.dll
[0410/184535.148:ERROR:process_memory_win.cc(73)] ReadMemory at 0x7fff248c0000 of 64 bytes failed: Only part of a ReadProcessMemory or WriteProcessMemory request was completed. (0x12B)
[0410/184535.148:WARNING:pe_image_reader.cc(340)] could not read dos header from C:\Windows\System32\cryptnet.dll
[0410/184535.251:ERROR:process_memory_win.cc(73)] ReadMemory at 0xed16dfa000 of 24576 bytes failed: Only part of a ReadProcessMemory or WriteProcessMemory request was completed. (0x12B)
[0410/184535.251:ERROR:process_memory_win.cc(73)] ReadMemory at 0xed164da000 of 852 bytes failed: Only part of a ReadProcessMemory or WriteProcessMemory request was completed. (0x12B)
[0410/184535.251:ERROR:process_memory_win.cc(73)] ReadMemory at 0xed164db000 of 6024 bytes failed: Only part of a ReadProcessMemory or WriteProcessMemory request was completed. (0x12B)
[0410/184535.251:ERROR:process_memory_win.cc(73)] ReadMemory at 0x24e0d3e0fc0 of 3424 bytes failed: Only part of a ReadProcessMemory or WriteProcessMemory request was completed. (0x12B)
[0410/184535.251:ERROR:process_memory_win.cc(73)] ReadMemory at 0x24e0d3e1d30 of 1012 bytes failed: Only part of a ReadProcessMemory or WriteProcessMemory request was completed. (0x12B)
[0410/184535.251:ERROR:process_memory_win.cc(73)] ReadMemory at 0x24e0d3e2348 of 118 bytes failed: Only part of a ReadProcessMemory or WriteProcessMemory request was completed. (0x12B)
[0410/184535.251:ERROR:process_memory_win.cc(73)] ReadMemory at 0x24e0d3e23c0 of 830 bytes failed: Only part of a ReadProcessMemory or WriteProcessMemory request was completed. (0x12B)
[0410/184535.251:ERROR:process_memory_win.cc(73)] ReadMemory at 0x24e0d3e2700 of 118 bytes failed: Only part of a ReadProcessMemory or WriteProcessMemory request was completed. (0x12B)
[0410/184535.252:ERROR:process_memory_win.cc(73)] ReadMemory at 0x24e0d3e2778 of 30 bytes failed: Only part of a ReadProcessMemory or WriteProcessMemory request was completed. (0x12B)
[0410/184535.252:ERROR:process_memory_win.cc(73)] ReadMemory at 0x24e0d3e27b0 of 58 bytes failed: Only part of a ReadProcessMemory or WriteProcessMemory request was completed. (0x12B)
[0410/184535.252:ERROR:process_memory_win.cc(73)] ReadMemory at 0x24e0d3e28b0 of 132 bytes failed: Only part of a ReadProcessMemory or WriteProcessMemory request was completed. (0x12B)
[0410/184535.252:ERROR:process_memory_win.cc(73)] ReadMemory at 0x24e0d3e2a40 of 132 bytes failed: Only part of a ReadProcessMemory or WriteProcessMemory request was completed. (0x12B)
[0410/184535.252:ERROR:process_memory_win.cc(73)] ReadMemory at 0x24e0d3e2c00 of 126 bytes failed: Only part of a ReadProcessMemory or WriteProcessMemory request was completed. (0x12B)
[0410/184535.252:ERROR:process_memory_win.cc(73)] ReadMemory at 0x24e0d3e2fd0 of 132 bytes failed: Only part of a ReadProcessMemory or WriteProcessMemory request was completed. (0x12B)
[0410/184535.252:ERROR:process_memory_win.cc(73)] ReadMemory at 0x24e0d3e3160 of 64 bytes failed: Only part of a ReadProcessMemory or WriteProcessMemory request was completed. (0x12B)
[0410/184535.496:ERROR:process_memory_win.cc(73)] ReadMemory at 0x24e0d3e31b0 of 132 bytes failed: Only part of a ReadProcessMemory or WriteProcessMemory request was completed. (0x12B)
[0410/184535.497:ERROR:process_memory_win.cc(73)] ReadMemory at 0x24e0d3e34e0 of 132 bytes failed: Only part of a ReadProcessMemory or WriteProcessMemory request was completed. (0x12B)
[0410/184535.497:ERROR:process_memory_win.cc(73)] ReadMemory at 0x24e0d3e3670 of 68 bytes failed: Only part of a ReadProcessMemory or WriteProcessMemory request was completed. (0x12B)
[0410/184535.497:ERROR:process_memory_win.cc(73)] ReadMemory at 0x24e0d3e4450 of 132 bytes failed: Only part of a ReadProcessMemory or WriteProcessMemory request was completed. (0x12B)
[0410/184535.497:ERROR:process_memory_win.cc(73)] ReadMemory at 0x24e0d3e4580 of 132 bytes failed: Only part of a ReadProcessMemory or WriteProcessMemory request was completed. (0x12B)
[0410/184535.497:ERROR:process_memory_win.cc(73)] ReadMemory at 0x24e0d3e4710 of 154 bytes failed: Only part of a ReadProcessMemory or WriteProcessMemory request was completed. (0x12B)
[0410/184535.566:ERROR:process_memory_win.cc(73)] ReadMemory at 0x24e0d3e52d0 of 132 bytes failed: Only part of a ReadProcessMemory or WriteProcessMemory request was completed. (0x12B)
[0410/184535.566:ERROR:process_memory_win.cc(73)] ReadMemory at 0x24e0d3e5560 of 62 bytes failed: Only part of a ReadProcessMemory or WriteProcessMemory request was completed. (0x12B)
[0410/184535.566:ERROR:process_memory_win.cc(73)] ReadMemory at 0x24e0d3e55b0 of 132 bytes failed: Only part of a ReadProcessMemory or WriteProcessMemory request was completed. (0x12B)
[0410/184535.566:ERROR:process_memory_win.cc(73)] ReadMemory at 0x24e0d3e5b60 of 132 bytes failed: Only part of a ReadProcessMemory or WriteProcessMemory request was completed. (0x12B)
[0410/184535.566:ERROR:process_memory_win.cc(73)] ReadMemory at 0x24e0d3e5c90 of 60 bytes failed: Only part of a ReadProcessMemory or WriteProcessMemory request was completed. (0x12B)
[0410/184535.566:ERROR:process_memory_win.cc(73)] ReadMemory at 0x24e0d3e5ce0 of 146 bytes failed: Only part of a ReadProcessMemory or WriteProcessMemory request was completed. (0x12B)
[0410/184535.567:ERROR:process_memory_win.cc(73)] ReadMemory at 0x24e0d3e9300 of 132 bytes failed: Only part of a ReadProcessMemory or WriteProcessMemory request was completed. (0x12B)
[0410/184535.567:ERROR:process_memory_win.cc(73)] ReadMemory at 0x24e0d3ea3f0 of 132 bytes failed: Only part of a ReadProcessMemory or WriteProcessMemory request was completed. (0x12B)
[0410/184535.567:ERROR:process_memory_win.cc(73)] ReadMemory at 0x24e0d3ea580 of 80 bytes failed: Only part of a ReadProcessMemory or WriteProcessMemory request was completed. (0x12B)
[0410/184535.567:ERROR:process_memory_win.cc(73)] ReadMemory at 0x24e0d3eb050 of 76 bytes failed: Only part of a ReadProcessMemory or WriteProcessMemory request was completed. (0x12B)
[0410/184535.567:ERROR:process_memory_win.cc(73)] ReadMemory at 0x24e0d3eb1d0 of 78 bytes failed: Only part of a ReadProcessMemory or WriteProcessMemory request was completed. (0x12B)
[0410/184535.567:ERROR:process_memory_win.cc(73)] ReadMemory at 0x24e0d3eb3b0 of 80 bytes failed: Only part of a ReadProcessMemory or WriteProcessMemory request was completed. (0x12B)
[0410/184535.567:ERROR:process_memory_win.cc(73)] ReadMemory at 0x24e0d3ec0b0 of 122 bytes failed: Only part of a ReadProcessMemory or WriteProcessMemory request was completed. (0x12B)
[0410/184535.567:ERROR:process_memory_win.cc(73)] ReadMemory at 0x24e0d3ec300 of 64 bytes failed: Only part of a ReadProcessMemory or WriteProcessMemory request was completed. (0x12B)
[0410/184535.567:ERROR:process_memory_win.cc(73)] ReadMemory at 0x24e0d3ec3a0 of 62 bytes failed: Only part of a ReadProcessMemory or WriteProcessMemory request was completed. (0x12B)
[0410/184535.567:ERROR:process_memory_win.cc(73)] ReadMemory at 0x24e0d3ec440 of 62 bytes failed: Only part of a ReadProcessMemory or WriteProcessMemory request was completed. (0x12B)
[0410/184535.567:ERROR:process_memory_win.cc(73)] ReadMemory at 0x24e0d3ec490 of 62 bytes failed: Only part of a ReadProcessMemory or WriteProcessMemory request was completed. (0x12B)
[0410/184535.568:ERROR:process_memory_win.cc(73)] ReadMemory at 0x24e0d3ec4e0 of 60 bytes failed: Only part of a ReadProcessMemory or WriteProcessMemory request was completed. (0x12B)
[0410/184535.568:ERROR:process_memory_win.cc(73)] ReadMemory at 0x24e0d3ec530 of 64 bytes failed: Only part of a ReadProcessMemory or WriteProcessMemory request was completed. (0x12B)
[0410/184535.568:ERROR:process_memory_win.cc(73)] ReadMemory at 0x24e0d3ec580 of 64 bytes failed: Only part of a ReadProcessMemory or WriteProcessMemory request was completed. (0x12B)
[0410/184535.568:ERROR:process_memory_win.cc(73)] ReadMemory at 0x24e0d3ec5d0 of 60 bytes failed: Only part of a ReadProcessMemory or WriteProcessMemory request was completed. (0x12B)
[0410/184535.568:ERROR:process_memory_win.cc(73)] ReadMemory at 0x24e0d3ec620 of 66 bytes failed: Only part of a ReadProcessMemory or WriteProcessMemory request was completed. (0x12B)
[0410/184535.568:ERROR:process_memory_win.cc(73)] ReadMemory at 0x24e0d3ec670 of 64 bytes failed: Only part of a ReadProcessMemory or WriteProcessMemory request was completed. (0x12B)
[0410/184535.568:ERROR:process_memory_win.cc(73)] ReadMemory at 0x24e0d3ec6c0 of 64 bytes failed: Only part of a ReadProcessMemory or WriteProcessMemory request was completed. (0x12B)
[0410/184535.568:ERROR:process_memory_win.cc(73)] ReadMemory at 0x24e0d3ec710 of 62 bytes failed: Only part of a ReadProcessMemory or WriteProcessMemory request was completed. (0x12B)
[0410/184535.568:ERROR:process_memory_win.cc(73)] ReadMemory at 0x24e0d3ec760 of 60 bytes failed: Only part of a ReadProcessMemory or WriteProcessMemory request was completed. (0x12B)
[0410/184535.568:ERROR:process_memory_win.cc(73)] ReadMemory at 0x24e0d3ec7b0 of 58 bytes failed: Only part of a ReadProcessMemory or WriteProcessMemory request was completed. (0x12B)
[0410/184535.568:ERROR:process_memory_win.cc(73)] ReadMemory at 0x24e0d3ec800 of 62 bytes failed: Only part of a ReadProcessMemory or WriteProcessMemory request was completed. (0x12B)
[0410/184535.568:ERROR:process_memory_win.cc(73)] ReadMemory at 0x24e0d3ec850 of 62 bytes failed: Only part of a ReadProcessMemory or WriteProcessMemory request was completed. (0x12B)
[0410/184535.569:ERROR:process_memory_win.cc(73)] ReadMemory at 0x24e0d3ec8a0 of 64 bytes failed: Only part of a ReadProcessMemory or WriteProcessMemory request was completed. (0x12B)
[0410/184535.569:ERROR:process_memory_win.cc(73)] ReadMemory at 0x24e0d3ec8f0 of 64 bytes failed: Only part of a ReadProcessMemory or WriteProcessMemory request was completed. (0x12B)
[0410/184535.569:ERROR:process_memory_win.cc(73)] ReadMemory at 0x24e0d3ec990 of 62 bytes failed: Only part of a ReadProcessMemory or WriteProcessMemory request was completed. (0x12B)
[0410/184535.569:ERROR:process_memory_win.cc(73)] ReadMemory at 0x24e0d3ec9e0 of 62 bytes failed: Only part of a ReadProcessMemory or WriteProcessMemory request was completed. (0x12B)
[0410/184535.569:ERROR:process_memory_win.cc(73)] ReadMemory at 0x24e0d3eca30 of 60 bytes failed: Only part of a ReadProcessMemory or WriteProcessMemory request was completed. (0x12B)
[0410/184535.569:ERROR:process_memory_win.cc(73)] ReadMemory at 0x24e0d3ecac0 of 132 bytes failed: Only part of a ReadProcessMemory or WriteProcessMemory request was completed. (0x12B)
[0410/184535.569:ERROR:process_memory_win.cc(73)] ReadMemory at 0x24e0d3ecbf0 of 132 bytes failed: Only part of a ReadProcessMemory or WriteProcessMemory request was completed. (0x12B)
[0410/184535.569:ERROR:process_memory_win.cc(73)] ReadMemory at 0x24e0d3ecf90 of 132 bytes failed: Only part of a ReadProcessMemory or WriteProcessMemory request was completed. (0x12B)
[0410/184535.621:ERROR:process_memory_win.cc(73)] ReadMemory at 0x24e0d3ed1b0 of 132 bytes failed: Only part of a ReadProcessMemory or WriteProcessMemory request was completed. (0x12B)
[0410/184535.622:ERROR:process_memory_win.cc(73)] ReadMemory at 0x24e0d3edc80 of 54 bytes failed: Only part of a ReadProcessMemory or WriteProcessMemory request was completed. (0x12B)
[0410/184535.622:ERROR:process_memory_win.cc(73)] ReadMemory at 0x24e0d3f0050 of 132 bytes failed: Only part of a ReadProcessMemory or WriteProcessMemory request was completed. (0x12B)
[0410/184535.622:ERROR:process_memory_win.cc(73)] ReadMemory at 0x24e0d3f1c40 of 132 bytes failed: Only part of a ReadProcessMemory or WriteProcessMemory request was completed. (0x12B)
[0410/184535.622:ERROR:process_memory_win.cc(73)] ReadMemory at 0x24e0d3f1d70 of 132 bytes failed: Only part of a ReadProcessMemory or WriteProcessMemory request was completed. (0x12B)
[0410/184535.622:ERROR:process_memory_win.cc(73)] ReadMemory at 0x24e0d3f1ea0 of 132 bytes failed: Only part of a ReadProcessMemory or WriteProcessMemory request was completed. (0x12B)
[0410/184535.623:ERROR:process_memory_win.cc(73)] ReadMemory at 0x24e0d3f1fd0 of 132 bytes failed: Only part of a ReadProcessMemory or WriteProcessMemory request was completed. (0x12B)
[0410/184535.623:ERROR:process_memory_win.cc(73)] ReadMemory at 0x24e0d3f2100 of 132 bytes failed: Only part of a ReadProcessMemory or WriteProcessMemory request was completed. (0x12B)
[0410/184535.623:ERROR:process_memory_win.cc(73)] ReadMemory at 0x24e0d3f2230 of 132 bytes failed: Only part of a ReadProcessMemory or WriteProcessMemory request was completed. (0x12B)
[0410/184535.623:ERROR:process_memory_win.cc(73)] ReadMemory at 0x24e0d3f2360 of 132 bytes failed: Only part of a ReadProcessMemory or WriteProcessMemory request was completed. (0x12B)
[0410/184535.623:ERROR:process_memory_win.cc(73)] ReadMemory at 0x24e0d3f2490 of 132 bytes failed: Only part of a ReadProcessMemory or WriteProcessMemory request was completed. (0x12B)
[0410/184535.623:ERROR:process_memory_win.cc(73)] ReadMemory at 0x24e0d3f25c0 of 132 bytes failed: Only part of a ReadProcessMemory or WriteProcessMemory request was completed. (0x12B)
[0410/184535.623:ERROR:process_memory_win.cc(73)] ReadMemory at 0x24e0d3f26f0 of 132 bytes failed: Only part of a ReadProcessMemory or WriteProcessMemory request was completed. (0x12B)
[0410/184535.623:ERROR:process_memory_win.cc(73)] ReadMemory at 0x24e0d3f2820 of 132 bytes failed: Only part of a ReadProcessMemory or WriteProcessMemory request was completed. (0x12B)
[0410/184535.623:ERROR:process_memory_win.cc(73)] ReadMemory at 0x24e0d3f2950 of 132 bytes failed: Only part of a ReadProcessMemory or WriteProcessMemory request was completed. (0x12B)
[0410/184535.624:ERROR:process_memory_win.cc(73)] ReadMemory at 0x24e0d3f2a80 of 132 bytes failed: Only part of a ReadProcessMemory or WriteProcessMemory request was completed. (0x12B)
[0410/184535.624:ERROR:process_memory_win.cc(73)] ReadMemory at 0x24e0d3f3110 of 132 bytes failed: Only part of a ReadProcessMemory or WriteProcessMemory request was completed. (0x12B)
[0410/184535.624:ERROR:process_memory_win.cc(73)] ReadMemory at 0x24e0d3f3240 of 132 bytes failed: Only part of a ReadProcessMemory or WriteProcessMemory request was completed. (0x12B)
[0410/184535.624:ERROR:process_memory_win.cc(73)] ReadMemory at 0x24e0d3f3370 of 132 bytes failed: Only part of a ReadProcessMemory or WriteProcessMemory request was completed. (0x12B)
[0410/184535.624:ERROR:process_memory_win.cc(73)] ReadMemory at 0x24e0d3f34a0 of 132 bytes failed: Only part of a ReadProcessMemory or WriteProcessMemory request was completed. (0x12B)
[0410/184535.624:ERROR:process_memory_win.cc(73)] ReadMemory at 0x24e0d3f35d0 of 132 bytes failed: Only part of a ReadProcessMemory or WriteProcessMemory request was completed. (0x12B)
[0410/184535.624:ERROR:process_memory_win.cc(73)] ReadMemory at 0x24e0d3f3830 of 132 bytes failed: Only part of a ReadProcessMemory or WriteProcessMemory request was completed. (0x12B)
[0410/184535.624:ERROR:process_memory_win.cc(73)] ReadMemory at 0x24e0d3f3960 of 132 bytes failed: Only part of a ReadProcessMemory or WriteProcessMemory request was completed. (0x12B)
[0410/184535.624:ERROR:process_memory_win.cc(73)] ReadMemory at 0x24e0d3f3a90 of 132 bytes failed: Only part of a ReadProcessMemory or WriteProcessMemory request was completed. (0x12B)
[0410/184535.624:ERROR:process_memory_win.cc(73)] ReadMemory at 0x24e0d3f3bc0 of 132 bytes failed: Only part of a ReadProcessMemory or WriteProcessMemory request was completed. (0x12B)
[0410/184535.624:ERROR:process_memory_win.cc(73)] ReadMemory at 0x24e0d3f3cf0 of 132 bytes failed: Only part of a ReadProcessMemory or WriteProcessMemory request was completed. (0x12B)
[0410/184535.624:ERROR:process_memory_win.cc(73)] ReadMemory at 0x24e0d3f3e20 of 132 bytes failed: Only part of a ReadProcessMemory or WriteProcessMemory request was completed. (0x12B)
[0410/184535.624:ERROR:process_memory_win.cc(73)] ReadMemory at 0x24e0d3f3f50 of 132 bytes failed: Only part of a ReadProcessMemory or WriteProcessMemory request was completed. (0x12B)
[0410/184535.625:ERROR:process_memory_win.cc(73)] ReadMemory at 0x24e0d3f4080 of 132 bytes failed: Only part of a ReadProcessMemory or WriteProcessMemory request was completed. (0x12B)
[0410/184535.625:ERROR:process_memory_win.cc(73)] ReadMemory at 0x24e0d3f41b0 of 132 bytes failed: Only part of a ReadProcessMemory or WriteProcessMemory request was completed. (0x12B)
[0410/184535.625:ERROR:process_memory_win.cc(73)] ReadMemory at 0x24e0d3f42e0 of 132 bytes failed: Only part of a ReadProcessMemory or WriteProcessMemory request was completed. (0x12B)
[0410/184535.625:ERROR:process_memory_win.cc(73)] ReadMemory at 0x24e0d3f4410 of 132 bytes failed: Only part of a ReadProcessMemory or WriteProcessMemory request was completed. (0x12B)
[0410/184535.625:ERROR:process_memory_win.cc(73)] ReadMemory at 0x24e0d3f4540 of 132 bytes failed: Only part of a ReadProcessMemory or WriteProcessMemory request was completed. (0x12B)
[0410/184535.625:ERROR:process_memory_win.cc(73)] ReadMemory at 0x24e0d3f4670 of 132 bytes failed: Only part of a ReadProcessMemory or WriteProcessMemory request was completed. (0x12B)
[0410/184535.625:ERROR:process_memory_win.cc(73)] ReadMemory at 0x24e0d3f47a0 of 132 bytes failed: Only part of a ReadProcessMemory or WriteProcessMemory request was completed. (0x12B)
[0410/184535.625:ERROR:process_memory_win.cc(73)] ReadMemory at 0x24e0d3f48d0 of 132 bytes failed: Only part of a ReadProcessMemory or WriteProcessMemory request was completed. (0x12B)
[0410/184535.625:ERROR:process_memory_win.cc(73)] ReadMemory at 0x24e0d3f4a00 of 132 bytes failed: Only part of a ReadProcessMemory or WriteProcessMemory request was completed. (0x12B)
[0410/184535.625:ERROR:process_memory_win.cc(73)] ReadMemory at 0x24e0d3f4b30 of 132 bytes failed: Only part of a ReadProcessMemory or WriteProcessMemory request was completed. (0x12B)
[0410/184535.625:ERROR:process_memory_win.cc(73)] ReadMemory at 0x24e0d3f4c60 of 132 bytes failed: Only part of a ReadProcessMemory or WriteProcessMemory request was completed. (0x12B)
[0410/184535.625:ERROR:process_memory_win.cc(73)] ReadMemory at 0x24e0d3f4d90 of 132 bytes failed: Only part of a ReadProcessMemory or WriteProcessMemory request was completed. (0x12B)
[0410/184535.625:ERROR:process_memory_win.cc(73)] ReadMemory at 0x24e0d3f6020 of 60 bytes failed: Only part of a ReadProcessMemory or WriteProcessMemory request was completed. (0x12B)
[0410/184535.626:ERROR:process_memory_win.cc(73)] ReadMemory at 0x24e0d3f62a0 of 60 bytes failed: Only part of a ReadProcessMemory or WriteProcessMemory request was completed. (0x12B)
[0410/184535.626:ERROR:process_memory_win.cc(73)] ReadMemory at 0x24e0d3f62f0 of 58 bytes failed: Only part of a ReadProcessMemory or WriteProcessMemory request was completed. (0x12B)
[0410/184535.626:ERROR:process_memory_win.cc(73)] ReadMemory at 0x24e0d3f6340 of 58 bytes failed: Only part of a ReadProcessMemory or WriteProcessMemory request was completed. (0x12B)
[0410/184535.626:ERROR:process_memory_win.cc(73)] ReadMemory at 0x24e0d3f65c0 of 64 bytes failed: Only part of a ReadProcessMemory or WriteProcessMemory request was completed. (0x12B)
[0410/184535.626:ERROR:process_memory_win.cc(73)] ReadMemory at 0x24e0d3f6610 of 62 bytes failed: Only part of a ReadProcessMemory or WriteProcessMemory request was completed. (0x12B)
[0410/184535.626:ERROR:process_memory_win.cc(73)] ReadMemory at 0x24e0d3f66b0 of 62 bytes failed: Only part of a ReadProcessMemory or WriteProcessMemory request was completed. (0x12B)
[0410/184535.626:ERROR:process_memory_win.cc(73)] ReadMemory at 0x24e0d3f6750 of 64 bytes failed: Only part of a ReadProcessMemory or WriteProcessMemory request was completed. (0x12B)
[0410/184535.626:ERROR:process_memory_win.cc(73)] ReadMemory at 0x24e0d3f6ca0 of 66 bytes failed: Only part of a ReadProcessMemory or WriteProcessMemory request was completed. (0x12B)
[0410/184535.626:ERROR:process_memory_win.cc(73)] ReadMemory at 0x24e0d3f6de0 of 66 bytes failed: Only part of a ReadProcessMemory or WriteProcessMemory request was completed. (0x12B)
[0410/184535.626:ERROR:process_memory_win.cc(73)] ReadMemory at 0x24e0d3f6e30 of 62 bytes failed: Only part of a ReadProcessMemory or WriteProcessMemory request was completed. (0x12B)
[0410/184535.626:ERROR:process_memory_win.cc(73)] ReadMemory at 0x24e0d3f6e80 of 60 bytes failed: Only part of a ReadProcessMemory or WriteProcessMemory request was completed. (0x12B)
[0410/184535.626:ERROR:process_memory_win.cc(73)] ReadMemory at 0x24e0d3f6ed0 of 60 bytes failed: Only part of a ReadProcessMemory or WriteProcessMemory request was completed. (0x12B)
[0410/184535.626:ERROR:process_memory_win.cc(73)] ReadMemory at 0x24e0d4067b0 of 62 bytes failed: Only part of a ReadProcessMemory or WriteProcessMemory request was completed. (0x12B)
[0410/184535.627:ERROR:process_memory_win.cc(73)] ReadMemory at 0x24e0d406800 of 60 bytes failed: Only part of a ReadProcessMemory or WriteProcessMemory request was completed. (0x12B)
[0410/184535.627:ERROR:process_memory_win.cc(73)] ReadMemory at 0x24e0d406850 of 64 bytes failed: Only part of a ReadProcessMemory or WriteProcessMemory request was completed. (0x12B)
[0410/184535.627:ERROR:process_memory_win.cc(73)] ReadMemory at 0x24e0d406940 of 66 bytes failed: Only part of a ReadProcessMemory or WriteProcessMemory request was completed. (0x12B)
[0410/184535.627:ERROR:process_memory_win.cc(73)] ReadMemory at 0x24e0d4069e0 of 62 bytes failed: Only part of a ReadProcessMemory or WriteProcessMemory request was completed. (0x12B)
[0410/184535.627:ERROR:process_memory_win.cc(73)] ReadMemory at 0x24e0d406cb0 of 66 bytes failed: Only part of a ReadProcessMemory or WriteProcessMemory request was completed. (0x12B)
[0410/184535.627:ERROR:process_memory_win.cc(73)] ReadMemory at 0x24e0d4071b0 of 60 bytes failed: Only part of a ReadProcessMemory or WriteProcessMemory request was completed. (0x12B)
[0410/184535.627:ERROR:process_memory_win.cc(73)] ReadMemory at 0x24e0d407250 of 64 bytes failed: Only part of a ReadProcessMemory or WriteProcessMemory request was completed. (0x12B)
[0410/184535.627:ERROR:process_memory_win.cc(73)] ReadMemory at 0x24e0d44d620 of 132 bytes failed: Only part of a ReadProcessMemory or WriteProcessMemory request was completed. (0x12B)
[0410/184535.627:ERROR:process_memory_win.cc(73)] ReadMemory at 0x24e0d44eb80 of 132 bytes failed: Only part of a ReadProcessMemory or WriteProcessMemory request was completed. (0x12B)
[0410/184535.709:ERROR:process_memory_win.cc(73)] ReadMemory at 0x24e0d44f170 of 132 bytes failed: Only part of a ReadProcessMemory or WriteProcessMemory request was completed. (0x12B)
[0410/184535.709:ERROR:process_memory_win.cc(73)] ReadMemory at 0x24e0d44f2a0 of 132 bytes failed: Only part of a ReadProcessMemory or WriteProcessMemory request was completed. (0x12B)
[0410/184535.709:ERROR:process_memory_win.cc(73)] ReadMemory at 0x24e0d44f3d0 of 132 bytes failed: Only part of a ReadProcessMemory or WriteProcessMemory request was completed. (0x12B)
[0410/184535.709:ERROR:process_memory_win.cc(73)] ReadMemory at 0x24e0d458330 of 60 bytes failed: Only part of a ReadProcessMemory or WriteProcessMemory request was completed. (0x12B)
[0410/184535.709:ERROR:process_memory_win.cc(73)] ReadMemory at 0x24e0d458740 of 62 bytes failed: Only part of a ReadProcessMemory or WriteProcessMemory request was completed. (0x12B)
[0410/184535.709:ERROR:process_memory_win.cc(73)] ReadMemory at 0x24e0d464410 of 58 bytes failed: Only part of a ReadProcessMemory or WriteProcessMemory request was completed. (0x12B)
[0410/184535.709:ERROR:process_memory_win.cc(73)] ReadMemory at 0x7fff315b5638 of 512 bytes failed: Only part of a ReadProcessMemory or WriteProcessMemory request was completed. (0x12B)
[0410/184535.709:ERROR:process_memory_win.cc(73)] ReadMemory at 0x7fff316dfb5c of 512 bytes failed: Only part of a ReadProcessMemory or WriteProcessMemory request was completed. (0x12B)
[0410/184535.709:ERROR:process_memory_win.cc(73)] ReadMemory at 0x7fff34f45904 of 512 bytes failed: Only part of a ReadProcessMemory or WriteProcessMemory request was completed. (0x12B)
[0410/184535.709:ERROR:process_memory_win.cc(73)] ReadMemory at 0x7fff34fc3930 of 18 bytes failed: Only part of a ReadProcessMemory or WriteProcessMemory request was completed. (0x12B)
[0410/184535.710:ERROR:process_memory_win.cc(73)] ReadMemory at 0x7fff34ff55a8 of 40 bytes failed: Only part of a ReadProcessMemory or WriteProcessMemory request was completed. (0x12B)
[0410/184535.710:ERROR:process_memory_win.cc(73)] ReadMemory at 0x7fff34ff59a8 of 48 bytes failed: Only part of a ReadProcessMemory or WriteProcessMemory request was completed. (0x12B)
[0410/184535.710:ERROR:process_memory_win.cc(73)] ReadMemory at 0x7fff34ffb340 of 64 bytes failed: Only part of a ReadProcessMemory or WriteProcessMemory request was completed. (0x12B)
[0410/184535.745:ERROR:process_memory_win.cc(73)] ReadMemory at 0x7fff34ffc210 of 512 bytes failed: Only part of a ReadProcessMemory or WriteProcessMemory request was completed. (0x12B)
[0410/184535.747:ERROR:scoped_process_suspend.cc(40)] NtResumeProcess: An attempt was made to access an exiting process. (0xc000010a)
